<?xml version="1.0" encoding="UTF-8"?>
<!-- Generated by org.testng.reporters.JUnitReportReporter -->
<testsuite skipped="0" hostname="LAPTOP-UV2GNGO3" name="testScripts.Test3" tests="1" failures="0" timestamp="26 Aug 2018 05:57:23 GMT" time="17.489" errors="0">
  <testcase name="twittertest" time="17.489" classname="testScripts.Test3"/>
</testsuite> <!-- testScripts.Test3 -->
