<?xml version="1.0" encoding="UTF-8"?>
<!-- Generated by org.testng.reporters.JUnitReportReporter -->
<testsuite skipped="0" hostname="LAPTOP-UV2GNGO3" name="testScripts.Test1" tests="1" failures="0" timestamp="26 Aug 2018 05:57:22 GMT" time="16.701" errors="0">
  <testcase name="facebookTest" time="16.701" classname="testScripts.Test1"/>
</testsuite> <!-- testScripts.Test1 -->
